
Showing logs for build [32mjstrachan-nodey206-master-15[0m stage [32mmeta-pipeline[0m and container [32mstep-credential-initializer-dxzgs[0m
{"level":"warn","ts":1567003546.922134,"logger":"fallback-logger","caller":"logging/config.go:69","msg":"Fetch GitHub commit ID from kodata failed: \"ref: refs/heads/master\" is not a valid GitHub commit ID"}
{"level":"info","ts":1567003546.924278,"logger":"fallback-logger","caller":"creds-init/main.go:40","msg":"Credentials initialized."}

Showing logs for build [32mjstrachan-nodey206-master-15[0m stage [32mmeta-pipeline[0m and container [32mstep-working-dir-initializer-5dw7c[0m
{"level":"warn","ts":1567003547.4355824,"logger":"fallback-logger","caller":"logging/config.go:69","msg":"Fetch GitHub commit ID from kodata failed: open /var/run/ko/HEAD: no such file or directory"}
{"level":"info","ts":1567003547.4365273,"logger":"fallback-logger","caller":"bash/main.go:65","msg":"Successfully executed command \"mkdir -p /workspace/source\""}

Showing logs for build [32mjstrachan-nodey206-master-15[0m stage [32mmeta-pipeline[0m and container [32mstep-place-tools[0m

Showing logs for build [32mjstrachan-nodey206-master-15[0m stage [32mmeta-pipeline[0m and container [32mstep-git-source-meta-jstrachan-nodey206-master-cw6ll[0m
{"level":"warn","ts":1567003553.4786594,"logger":"fallback-logger","caller":"logging/config.go:69","msg":"Fetch GitHub commit ID from kodata failed: \"ref: refs/heads/master\" is not a valid GitHub commit ID"}
{"level":"info","ts":1567003554.6713593,"logger":"fallback-logger","caller":"git/git.go:102","msg":"Successfully cloned https://github.com/*********/nodey206.git @ master in path /workspace/source"}

Showing logs for build [32mjstrachan-nodey206-master-15[0m stage [32mmeta-pipeline[0m and container [32mstep-git-merge[0m
Using SHAs from PULL_REFS=master:
WARNING: no SHAs to merge, falling back to initial cloned commit

Showing logs for build [32mjstrachan-nodey206-master-15[0m stage [32mmeta-pipeline[0m and container [32mstep-merge-pull-refs[0m
SKIP merge-pull-refs: Nothing to merge

Showing logs for build [32mjstrachan-nodey206-master-15[0m stage [32mmeta-pipeline[0m and container [32mstep-create-effective-pipeline[0m
Deleting and cloning the Jenkins X versions repo
Cloning the Jenkins X versions repo https://github.com/jenkins-x/jenkins-x-versions.git with revision v1.0.34 to /builder/home/.**/jenkins-x-versions
From https://github.com/jenkins-x/jenkins-x-versions
 * tag               v1.0.34    -> FETCH_HEAD
Effective pipeline written to jenkins-x-effective.yml

Showing logs for build [32mjstrachan-nodey206-master-15[0m stage [32mmeta-pipeline[0m and container [32mstep-create-tekton-crds[0m
Deleting and cloning the Jenkins X versions repo
Cloning the Jenkins X versions repo https://github.com/jenkins-x/jenkins-x-versions.git with revision v1.0.34 to /builder/home/.**/jenkins-x-versions
From https://github.com/jenkins-x/jenkins-x-versions
 * tag               v1.0.34    -> FETCH_HEAD
running command: echo \$(**-release-version) > VERSION

running command: ** step tag --version \$(cat VERSION)
Updating chart version in charts/nodey206/Chart.yaml to 0.0.15
Updating repository in charts/nodey206/values.yaml to gcr.io/apps-dev-229310/nodey206
Updating tag in charts/nodey206/values.yaml to 0.0.15
Tag v0.0.15 created and pushed to remote origin

PipelineActivity for *********-nodey206-master-15
Applying changes 
upserted PipelineResource *********-nodey206-master for the git repository https://github.com/*********/nodey206.git
upserted Task *********-nodey206-master-from-build-pack-15
upserted Pipeline *********-nodey206-master-15
created PipelineRun *********-nodey206-master-15
created PipelineStructure *********-nodey206-master-15

Showing logs for build [32mjstrachan-nodey206-master-15[0m stage [32mfrom-build-pack[0m and container [32mstep-credential-initializer-c8jc5[0m
{"level":"warn","ts":1567003571.9375176,"logger":"fallback-logger","caller":"logging/config.go:69","msg":"Fetch GitHub commit ID from kodata failed: \"ref: refs/heads/master\" is not a valid GitHub commit ID"}
{"level":"info","ts":1567003571.9405756,"logger":"fallback-logger","caller":"creds-init/main.go:40","msg":"Credentials initialized."}

Showing logs for build [32mjstrachan-nodey206-master-15[0m stage [32mfrom-build-pack[0m and container [32mstep-working-dir-initializer-m7qpq[0m
{"level":"warn","ts":1567003572.8671098,"logger":"fallback-logger","caller":"logging/config.go:69","msg":"Fetch GitHub commit ID from kodata failed: open /var/run/ko/HEAD: no such file or directory"}
{"level":"info","ts":1567003572.8690052,"logger":"fallback-logger","caller":"bash/main.go:65","msg":"Successfully executed command \"mkdir -p /workspace/source /workspace/source/charts/nodey206\""}

Showing logs for build [32mjstrachan-nodey206-master-15[0m stage [32mfrom-build-pack[0m and container [32mstep-place-tools[0m

Showing logs for build [32mjstrachan-nodey206-master-15[0m stage [32mfrom-build-pack[0m and container [32mstep-git-source-jstrachan-nodey206-master-7bfqj[0m
{"level":"warn","ts":1567003578.896068,"logger":"fallback-logger","caller":"logging/config.go:69","msg":"Fetch GitHub commit ID from kodata failed: \"ref: refs/heads/master\" is not a valid GitHub commit ID"}
{"level":"info","ts":1567003580.0868185,"logger":"fallback-logger","caller":"git/git.go:102","msg":"Successfully cloned https://github.com/*********/nodey206.git @ v0.0.15 in path /workspace/source"}

Showing logs for build [32mjstrachan-nodey206-master-15[0m stage [32mfrom-build-pack[0m and container [32mstep-git-merge[0m
Using SHAs from PULL_REFS=master:
WARNING: no SHAs to merge, falling back to initial cloned commit

Showing logs for build [32mjstrachan-nodey206-master-15[0m stage [32mfrom-build-pack[0m and container [32mstep-setup-jx-git-credentials[0m
Generated Git credentials file /workspace/xdg_config/git/credentials

Showing logs for build [32mjstrachan-nodey206-master-15[0m stage [32mfrom-build-pack[0m and container [32mstep-build-npmrc[0m
WARNING: failed to find Secret npm-token in namespace **

Showing logs for build [32mjstrachan-nodey206-master-15[0m stage [32mfrom-build-pack[0m and container [32mstep-build-npm-install[0m
npm notice created a lockfile as package-lock.json. You should commit this file.
npm WARN REPLACE_ME@1.0.0 No repository field.
npm WARN REPLACE_ME@1.0.0 No license field.

up to date in 0.517s
found 0 vulnerabilities


Showing logs for build [32mjstrachan-nodey206-master-15[0m stage [32mfrom-build-pack[0m and container [32mstep-build-npm-test[0m

> REPLACE_ME@1.0.0 test /workspace/source
> echo "no test specified" && exit 0

no test specified

Showing logs for build [32mjstrachan-nodey206-master-15[0m stage [32mfrom-build-pack[0m and container [32mstep-build-container-build[0m
[36mINFO[0m[0000] Downloading base image node:9-slim           
ERROR: logging before flag.Parse: E0828 14:46:23.249683      10 metadata.go:142] while reading 'google-dockercfg' metadata: http status code: 404 while fetching url http://metadata.google.internal./computeMetadata/v1/instance/attributes/google-dockercfg
ERROR: logging before flag.Parse: E0828 14:46:23.253502      10 metadata.go:159] while reading 'google-dockercfg-url' metadata: http status code: 404 while fetching url http://metadata.google.internal./computeMetadata/v1/instance/attributes/google-dockercfg-url
2019/08/28 14:46:23 No matching credentials were found, falling back on anonymous
[36mINFO[0m[0001] Error while retrieving image from cache: getting file info: stat /workspace/sha256:0e0175bbe4f8d9d104590d8d2c591017874e30977cb71aaff1cf6fa99479575c: no such file or directory 
[36mINFO[0m[0001] Downloading base image node:9-slim           
2019/08/28 14:46:24 No matching credentials were found, falling back on anonymous
[36mINFO[0m[0002] Executing 0 build triggers                   
[36mINFO[0m[0002] cmd: EXPOSE                                  
[36mINFO[0m[0002] Adding exposed port: 8080/tcp                
[36mINFO[0m[0002] Using files from context: [/workspace/source] 
[36mINFO[0m[0002] Skipping unpacking as no commands require it. 
[36mINFO[0m[0002] Taking snapshot of full filesystem...        
[36mINFO[0m[0002] ENV PORT 8080                                
[36mINFO[0m[0002] No files changed in this command, skipping snapshotting. 
[36mINFO[0m[0002] EXPOSE 8080                                  
[36mINFO[0m[0002] cmd: EXPOSE                                  
[36mINFO[0m[0002] Adding exposed port: 8080/tcp                
[36mINFO[0m[0002] No files changed in this command, skipping snapshotting. 
[36mINFO[0m[0002] WORKDIR /usr/src/app                         
[36mINFO[0m[0002] cmd: workdir                                 
[36mINFO[0m[0002] Changed working directory to /usr/src/app    
[36mINFO[0m[0002] Creating directory /usr/src/app              
[36mINFO[0m[0002] Taking snapshot of files...                  
[36mINFO[0m[0002] Using files from context: [/workspace/source] 
[36mINFO[0m[0002] COPY . .                                     
[36mINFO[0m[0002] Taking snapshot of files...                  
[36mINFO[0m[0002] CMD ["npm", "start"]                         
[36mINFO[0m[0002] No files changed in this command, skipping snapshotting. 
2019/08/28 14:46:25 existing blob: sha256:196b8e3c919d5639193ba6c6e54774528942041bbc37606631a2250502985c3c
2019/08/28 14:46:25 existing blob: sha256:e01bd28a434b56ffd2a3fe9aa99b9b69aecca69904843edd30b1ee7150d79904
2019/08/28 14:46:25 existing blob: sha256:5bba3ecb4cd6374a19da45f2a3db0a9c0804984358b3bb4b666c28944016e5ff
2019/08/28 14:46:25 existing blob: sha256:a88538b9cd05cfa611e43a25582a95ad7879f6fa708b0386a26b71ee62235bb3
2019/08/28 14:46:25 existing blob: sha256:7d083412657baa2dafba8d093034ef26f9ed2c90fb6ed95f76bb55aff03ed429
2019/08/28 14:46:29 pushed blob: sha256:7c9be7a339a24400bc0fadc2ff0d48df661bf517ca8de10fd406c3b0ebcc28db
2019/08/28 14:46:29 pushed blob: sha256:696c7df00c8d91f3eed25cc0c68c90c024e0ede1ee7679aba4f9b1bb76dce071
2019/08/28 14:46:29 pushed blob: sha256:8f8e9e417f2acaf16c78a4999e1eab6842aac7f8099d0754c5ce695bdc75cf0e
2019/08/28 14:46:30 gcr.io/apps-dev-229310/nodey206:0.0.15: digest: sha256:31265d8076f3c2afd66a509c906e0b8692c62a19b5cbb63f2057b7d71d065858 size: 1404

Showing logs for build [32mjstrachan-nodey206-master-15[0m stage [32mfrom-build-pack[0m and container [32mstep-build-post-build[0m
no CVE provider running in the current ** namespace so skip adding image to be analysed

Showing logs for build [32mjstrachan-nodey206-master-15[0m stage [32mfrom-build-pack[0m and container [32mstep-promote-changelog[0m
Converted /workspace/source/charts/nodey206 to an unshallow repository
Generating change log from git ref d4d3f42bee9ab2850c951ad7c70ae3c8c8a71fa3 => 6d85b023372f3f2d132f1b1ec54d45354b1d58cf
WARNING: No release found for *********/nodey206 and tag v0.0.15 so creating a new release
Updated the release information at https://github.com/*********/nodey206/releases/tag/v0.0.15
generated: /workspace/source/charts/nodey206/templates/release.yaml
Created Release nodey206-0-0-15 resource in namespace **
Updating PipelineActivity *********-nodey206-master-15 with version 0.0.15
Updated PipelineActivities *********-nodey206-master-15 with release notes URL: https://github.com/*********/nodey206/releases/tag/v0.0.15

Showing logs for build [32mjstrachan-nodey206-master-15[0m stage [32mfrom-build-pack[0m and container [32mstep-promote-helm-release[0m
WARNING: No $CHART_REPOSITORY defined so using the default value of: http://jenkins-x-chartmuseum:8080
Adding missing Helm repo: storage.googleapis.com https://storage.googleapis.com/chartmuseum.jenkins-x.io
Successfully added Helm repository storage.googleapis.com.
Adding missing Helm repo: jenkins-x-chartmuseum http://jenkins-x-chartmuseum:8080
Successfully added Helm repository jenkins-x-chartmuseum.
WARNING: No $CHART_REPOSITORY defined so using the default value of: http://jenkins-x-chartmuseum:8080
Uploading chart file nodey206-0.0.15.tgz to http://jenkins-x-chartmuseum:8080/api/charts
Received 201 response: {"saved":true}

Showing logs for build [32mjstrachan-nodey206-master-15[0m stage [32mfrom-build-pack[0m and container [32mstep-promote-jx-promote[0m
WARNING: prow based install so skip waiting for the merge of Pull Requests to go green as currently there is an issue with gettingstatuses from the PR, see https://github.com/jenkins-x/**/issues/2410
Promoting app nodey206 version 0.0.15 to namespace **-staging
Created Pull Request: https://github.com/*********/environment-*********-gh12-staging/pull/19
Added label  to Pull Request https://github.com/*********/environment-*********-gh12-staging/pull/19
WARNING: Failed to query the Pull Request last commit status for https://github.com/*********/environment-*********-gh12-staging/pull/19 ref 86c2112137426cdce7d3a4c635dd905d7dc8bab7 Could not find a status for repository *********/environment-*********-gh12-staging with ref 86c2112137426cdce7d3a4c635dd905d7dc8bab7
Pull Request https://github.com/*********/environment-*********-gh12-staging/pull/19 is merged at sha 51b23804a5885b2e9b7930e42cbf551b9d62e90d
Pull Request merged but we are not waiting for the update pipeline to complete!
