
Showing logs for build [32mjstrachan-nodey206-master-16[0m stage [32mmeta-pipeline[0m and container [32mstep-credential-initializer-8rrpx[0m
{"level":"warn","ts":1567004075.13201,"logger":"fallback-logger","caller":"logging/config.go:69","msg":"Fetch GitHub commit ID from kodata failed: \"ref: refs/heads/master\" is not a valid GitHub commit ID"}
{"level":"info","ts":1567004075.1327362,"logger":"fallback-logger","caller":"creds-init/main.go:40","msg":"Credentials initialized."}

Showing logs for build [32mjstrachan-nodey206-master-16[0m stage [32mmeta-pipeline[0m and container [32mstep-working-dir-initializer-th8w4[0m
{"level":"warn","ts":1567004076.1699994,"logger":"fallback-logger","caller":"logging/config.go:69","msg":"Fetch GitHub commit ID from kodata failed: open /var/run/ko/HEAD: no such file or directory"}
{"level":"info","ts":1567004076.1719232,"logger":"fallback-logger","caller":"bash/main.go:65","msg":"Successfully executed command \"mkdir -p /workspace/source\""}

Showing logs for build [32mjstrachan-nodey206-master-16[0m stage [32mmeta-pipeline[0m and container [32mstep-place-tools[0m

Showing logs for build [32mjstrachan-nodey206-master-16[0m stage [32mmeta-pipeline[0m and container [32mstep-git-source-meta-jstrachan-nodey206-master-zs2dx[0m
{"level":"warn","ts":1567004081.2231066,"logger":"fallback-logger","caller":"logging/config.go:69","msg":"Fetch GitHub commit ID from kodata failed: \"ref: refs/heads/master\" is not a valid GitHub commit ID"}
{"level":"info","ts":1567004082.387555,"logger":"fallback-logger","caller":"git/git.go:102","msg":"Successfully cloned https://github.com/*********/nodey206.git @ master in path /workspace/source"}

Showing logs for build [32mjstrachan-nodey206-master-16[0m stage [32mmeta-pipeline[0m and container [32mstep-git-merge[0m
Using SHAs from PULL_REFS=master:
WARNING: no SHAs to merge, falling back to initial cloned commit

Showing logs for build [32mjstrachan-nodey206-master-16[0m stage [32mmeta-pipeline[0m and container [32mstep-merge-pull-refs[0m
SKIP merge-pull-refs: Nothing to merge

Showing logs for build [32mjstrachan-nodey206-master-16[0m stage [32mmeta-pipeline[0m and container [32mstep-create-effective-pipeline[0m
Deleting and cloning the Jenkins X versions repo
Cloning the Jenkins X versions repo https://github.com/jenkins-x/jenkins-x-versions.git with revision v1.0.34 to /builder/home/.**/jenkins-x-versions
From https://github.com/jenkins-x/jenkins-x-versions
 * tag               v1.0.34    -> FETCH_HEAD
Effective pipeline written to jenkins-x-effective.yml

Showing logs for build [32mjstrachan-nodey206-master-16[0m stage [32mmeta-pipeline[0m and container [32mstep-create-tekton-crds[0m
Deleting and cloning the Jenkins X versions repo
Cloning the Jenkins X versions repo https://github.com/jenkins-x/jenkins-x-versions.git with revision v1.0.34 to /builder/home/.**/jenkins-x-versions
From https://github.com/jenkins-x/jenkins-x-versions
 * tag               v1.0.34    -> FETCH_HEAD
running command: echo \$(**-release-version) > VERSION

running command: ** step tag --version \$(cat VERSION)
Updating chart version in charts/nodey206/Chart.yaml to 0.0.16
Updating repository in charts/nodey206/values.yaml to gcr.io/apps-dev-229310/nodey206
Updating tag in charts/nodey206/values.yaml to 0.0.16
Tag v0.0.16 created and pushed to remote origin

PipelineActivity for *********-nodey206-master-16
Applying changes 
upserted PipelineResource *********-nodey206-master for the git repository https://github.com/*********/nodey206.git
upserted Task *********-nodey206-master-from-build-pack-16
upserted Pipeline *********-nodey206-master-16
created PipelineRun *********-nodey206-master-16
created PipelineStructure *********-nodey206-master-16

Showing logs for build [32mjstrachan-nodey206-master-16[0m stage [32mfrom-build-pack[0m and container [32mstep-credential-initializer-fppbf[0m
{"level":"warn","ts":1567004097.283279,"logger":"fallback-logger","caller":"logging/config.go:69","msg":"Fetch GitHub commit ID from kodata failed: \"ref: refs/heads/master\" is not a valid GitHub commit ID"}
{"level":"info","ts":1567004097.283929,"logger":"fallback-logger","caller":"creds-init/main.go:40","msg":"Credentials initialized."}

Showing logs for build [32mjstrachan-nodey206-master-16[0m stage [32mfrom-build-pack[0m and container [32mstep-working-dir-initializer-762nl[0m
{"level":"warn","ts":1567004098.2210202,"logger":"fallback-logger","caller":"logging/config.go:69","msg":"Fetch GitHub commit ID from kodata failed: open /var/run/ko/HEAD: no such file or directory"}
{"level":"info","ts":1567004098.222863,"logger":"fallback-logger","caller":"bash/main.go:65","msg":"Successfully executed command \"mkdir -p /workspace/source /workspace/source/charts/nodey206\""}

Showing logs for build [32mjstrachan-nodey206-master-16[0m stage [32mfrom-build-pack[0m and container [32mstep-place-tools[0m

Showing logs for build [32mjstrachan-nodey206-master-16[0m stage [32mfrom-build-pack[0m and container [32mstep-git-source-jstrachan-nodey206-master-tfqg5[0m
{"level":"warn","ts":1567004104.2599587,"logger":"fallback-logger","caller":"logging/config.go:69","msg":"Fetch GitHub commit ID from kodata failed: \"ref: refs/heads/master\" is not a valid GitHub commit ID"}
{"level":"info","ts":1567004105.358162,"logger":"fallback-logger","caller":"git/git.go:102","msg":"Successfully cloned https://github.com/*********/nodey206.git @ v0.0.16 in path /workspace/source"}

Showing logs for build [32mjstrachan-nodey206-master-16[0m stage [32mfrom-build-pack[0m and container [32mstep-git-merge[0m
Using SHAs from PULL_REFS=master:
WARNING: no SHAs to merge, falling back to initial cloned commit

Showing logs for build [32mjstrachan-nodey206-master-16[0m stage [32mfrom-build-pack[0m and container [32mstep-setup-jx-git-credentials[0m
Generated Git credentials file /workspace/xdg_config/git/credentials

Showing logs for build [32mjstrachan-nodey206-master-16[0m stage [32mfrom-build-pack[0m and container [32mstep-build-npmrc[0m
WARNING: failed to find Secret npm-token in namespace **

Showing logs for build [32mjstrachan-nodey206-master-16[0m stage [32mfrom-build-pack[0m and container [32mstep-build-npm-install[0m
npm notice created a lockfile as package-lock.json. You should commit this file.
npm WARN REPLACE_ME@1.0.0 No repository field.
npm WARN REPLACE_ME@1.0.0 No license field.

up to date in 0.377s
found 0 vulnerabilities


Showing logs for build [32mjstrachan-nodey206-master-16[0m stage [32mfrom-build-pack[0m and container [32mstep-build-npm-test[0m

> REPLACE_ME@1.0.0 test /workspace/source
> echo "no test specified" && exit 0

no test specified

Showing logs for build [32mjstrachan-nodey206-master-16[0m stage [32mfrom-build-pack[0m and container [32mstep-build-container-build[0m
[36mINFO[0m[0000] Downloading base image node:9-slim           
ERROR: logging before flag.Parse: E0828 14:55:10.675504      12 metadata.go:142] while reading 'google-dockercfg' metadata: http status code: 404 while fetching url http://metadata.google.internal./computeMetadata/v1/instance/attributes/google-dockercfg
ERROR: logging before flag.Parse: E0828 14:55:10.679095      12 metadata.go:159] while reading 'google-dockercfg-url' metadata: http status code: 404 while fetching url http://metadata.google.internal./computeMetadata/v1/instance/attributes/google-dockercfg-url
2019/08/28 14:55:10 No matching credentials were found, falling back on anonymous
[36mINFO[0m[0001] Error while retrieving image from cache: getting file info: stat /workspace/sha256:0e0175bbe4f8d9d104590d8d2c591017874e30977cb71aaff1cf6fa99479575c: no such file or directory 
[36mINFO[0m[0001] Downloading base image node:9-slim           
2019/08/28 14:55:11 No matching credentials were found, falling back on anonymous
[36mINFO[0m[0002] Executing 0 build triggers                   
[36mINFO[0m[0002] cmd: EXPOSE                                  
[36mINFO[0m[0002] Adding exposed port: 8080/tcp                
[36mINFO[0m[0002] Using files from context: [/workspace/source] 
[36mINFO[0m[0002] Skipping unpacking as no commands require it. 
[36mINFO[0m[0002] Taking snapshot of full filesystem...        
[36mINFO[0m[0002] ENV PORT 8080                                
[36mINFO[0m[0002] No files changed in this command, skipping snapshotting. 
[36mINFO[0m[0002] EXPOSE 8080                                  
[36mINFO[0m[0002] cmd: EXPOSE                                  
[36mINFO[0m[0002] Adding exposed port: 8080/tcp                
[36mINFO[0m[0002] No files changed in this command, skipping snapshotting. 
[36mINFO[0m[0002] WORKDIR /usr/src/app                         
[36mINFO[0m[0002] cmd: workdir                                 
[36mINFO[0m[0002] Changed working directory to /usr/src/app    
[36mINFO[0m[0002] Creating directory /usr/src/app              
[36mINFO[0m[0002] Taking snapshot of files...                  
[36mINFO[0m[0002] Using files from context: [/workspace/source] 
[36mINFO[0m[0002] COPY . .                                     
[36mINFO[0m[0002] Taking snapshot of files...                  
[36mINFO[0m[0002] CMD ["npm", "start"]                         
[36mINFO[0m[0002] No files changed in this command, skipping snapshotting. 
2019/08/28 14:55:13 existing blob: sha256:a88538b9cd05cfa611e43a25582a95ad7879f6fa708b0386a26b71ee62235bb3
2019/08/28 14:55:13 existing blob: sha256:e01bd28a434b56ffd2a3fe9aa99b9b69aecca69904843edd30b1ee7150d79904
2019/08/28 14:55:13 existing blob: sha256:196b8e3c919d5639193ba6c6e54774528942041bbc37606631a2250502985c3c
2019/08/28 14:55:13 existing blob: sha256:5bba3ecb4cd6374a19da45f2a3db0a9c0804984358b3bb4b666c28944016e5ff
2019/08/28 14:55:13 existing blob: sha256:7d083412657baa2dafba8d093034ef26f9ed2c90fb6ed95f76bb55aff03ed429
2019/08/28 14:55:16 pushed blob: sha256:cbc908ea11aa463f995649c42028c44c61b3897d8a0249fd7d456e3b9dd12d9c
2019/08/28 14:55:16 pushed blob: sha256:0181cf38099cdc0f86d19922b4be34602cd3b535b8085728a16b5900b26a574d
2019/08/28 14:55:16 pushed blob: sha256:46d9b0369cd47945fee6c4f3e1695404f29b5781aa8ebd45b10a27686261e519
2019/08/28 14:55:18 gcr.io/apps-dev-229310/nodey206:0.0.16: digest: sha256:d2df77453fc3ef5d7fc51f491fd9c0697af6e9515ad14501bd6fd1027e227c66 size: 1404

Showing logs for build [32mjstrachan-nodey206-master-16[0m stage [32mfrom-build-pack[0m and container [32mstep-build-post-build[0m
no CVE provider running in the current ** namespace so skip adding image to be analysed

Showing logs for build [32mjstrachan-nodey206-master-16[0m stage [32mfrom-build-pack[0m and container [32mstep-promote-changelog[0m
Converted /workspace/source/charts/nodey206 to an unshallow repository
Generating change log from git ref 6d85b023372f3f2d132f1b1ec54d45354b1d58cf => cfcf2f2f9bb293f3ed02a0ab015815b3f0a37f6a
WARNING: No release found for *********/nodey206 and tag v0.0.16 so creating a new release
Updated the release information at https://github.com/*********/nodey206/releases/tag/v0.0.16
generated: /workspace/source/charts/nodey206/templates/release.yaml
Created Release nodey206-0-0-16 resource in namespace **
Updating PipelineActivity *********-nodey206-master-16 with version 0.0.16
Updated PipelineActivities *********-nodey206-master-16 with release notes URL: https://github.com/*********/nodey206/releases/tag/v0.0.16

Showing logs for build [32mjstrachan-nodey206-master-16[0m stage [32mfrom-build-pack[0m and container [32mstep-promote-helm-release[0m
WARNING: No $CHART_REPOSITORY defined so using the default value of: http://jenkins-x-chartmuseum:8080
Adding missing Helm repo: storage.googleapis.com https://storage.googleapis.com/chartmuseum.jenkins-x.io
Successfully added Helm repository storage.googleapis.com.
Adding missing Helm repo: jenkins-x-chartmuseum http://jenkins-x-chartmuseum:8080
Successfully added Helm repository jenkins-x-chartmuseum.
WARNING: No $CHART_REPOSITORY defined so using the default value of: http://jenkins-x-chartmuseum:8080
Uploading chart file nodey206-0.0.16.tgz to http://jenkins-x-chartmuseum:8080/api/charts
Received 201 response: {"saved":true}

Showing logs for build [32mjstrachan-nodey206-master-16[0m stage [32mfrom-build-pack[0m and container [32mstep-promote-jx-promote[0m
WARNING: prow based install so skip waiting for the merge of Pull Requests to go green as currently there is an issue with gettingstatuses from the PR, see https://github.com/jenkins-x/**/issues/2410
Promoting app nodey206 version 0.0.16 to namespace **-staging
Created Pull Request: https://github.com/*********/environment-*********-gh12-staging/pull/20
Added label  to Pull Request https://github.com/*********/environment-*********-gh12-staging/pull/20
WARNING: Failed to query the Pull Request last commit status for https://github.com/*********/environment-*********-gh12-staging/pull/20 ref 7e8f441684da2d7fbb8e41199cb9c572ae250744 Could not find a status for repository *********/environment-*********-gh12-staging with ref 7e8f441684da2d7fbb8e41199cb9c572ae250744
Pull Request https://github.com/*********/environment-*********-gh12-staging/pull/20 is merged at sha 58fd802aa9c966b5e8d4e9f919013cb6bb180b72
Pull Request merged but we are not waiting for the update pipeline to complete!
