
Showing logs for build [32mjstrachan-nodey206-master-3[0m stage [32mmeta-pipeline[0m and container [32mstep-credential-initializer-4jbpp[0m
{"level":"warn","ts":1566997962.8115838,"logger":"fallback-logger","caller":"logging/config.go:69","msg":"Fetch GitHub commit ID from kodata failed: \"ref: refs/heads/master\" is not a valid GitHub commit ID"}
{"level":"info","ts":1566997962.812442,"logger":"fallback-logger","caller":"creds-init/main.go:40","msg":"Credentials initialized."}

Showing logs for build [32mjstrachan-nodey206-master-3[0m stage [32mmeta-pipeline[0m and container [32mstep-working-dir-initializer-vn64l[0m
{"level":"warn","ts":1566997963.8210614,"logger":"fallback-logger","caller":"logging/config.go:69","msg":"Fetch GitHub commit ID from kodata failed: open /var/run/ko/HEAD: no such file or directory"}
{"level":"info","ts":1566997963.8224294,"logger":"fallback-logger","caller":"bash/main.go:65","msg":"Successfully executed command \"mkdir -p /workspace/source\""}

Showing logs for build [32mjstrachan-nodey206-master-3[0m stage [32mmeta-pipeline[0m and container [32mstep-place-tools[0m

Showing logs for build [32mjstrachan-nodey206-master-3[0m stage [32mmeta-pipeline[0m and container [32mstep-git-source-meta-jstrachan-nodey206-master-wtngp[0m
{"level":"warn","ts":1566997976.8387284,"logger":"fallback-logger","caller":"logging/config.go:69","msg":"Fetch GitHub commit ID from kodata failed: \"ref: refs/heads/master\" is not a valid GitHub commit ID"}
{"level":"info","ts":1566997977.9525092,"logger":"fallback-logger","caller":"git/git.go:102","msg":"Successfully cloned https://github.com/*********/nodey206.git @ master in path /workspace/source"}

Showing logs for build [32mjstrachan-nodey206-master-3[0m stage [32mmeta-pipeline[0m and container [32mstep-git-merge[0m
Using SHAs from PULL_REFS=master:
WARNING: no SHAs to merge, falling back to initial cloned commit

Showing logs for build [32mjstrachan-nodey206-master-3[0m stage [32mmeta-pipeline[0m and container [32mstep-merge-pull-refs[0m
SKIP merge-pull-refs: Nothing to merge

Showing logs for build [32mjstrachan-nodey206-master-3[0m stage [32mmeta-pipeline[0m and container [32mstep-create-effective-pipeline[0m
Deleting and cloning the Jenkins X versions repo
Cloning the Jenkins X versions repo https://github.com/jenkins-x/jenkins-x-versions.git with revision v1.0.34 to /builder/home/.**/jenkins-x-versions
From https://github.com/jenkins-x/jenkins-x-versions
 * tag               v1.0.34    -> FETCH_HEAD
Effective pipeline written to jenkins-x-effective.yml

Showing logs for build [32mjstrachan-nodey206-master-3[0m stage [32mmeta-pipeline[0m and container [32mstep-create-tekton-crds[0m
Deleting and cloning the Jenkins X versions repo
Cloning the Jenkins X versions repo https://github.com/jenkins-x/jenkins-x-versions.git with revision v1.0.34 to /builder/home/.**/jenkins-x-versions
From https://github.com/jenkins-x/jenkins-x-versions
 * tag               v1.0.34    -> FETCH_HEAD
running command: echo \$(**-release-version) > VERSION

running command: ** step tag --version \$(cat VERSION)
Updating chart version in charts/nodey206/Chart.yaml to 0.0.3
Updating repository in charts/nodey206/values.yaml to gcr.io/apps-dev-229310/nodey206
Updating tag in charts/nodey206/values.yaml to 0.0.3
Tag v0.0.3 created and pushed to remote origin

PipelineActivity for *********-nodey206-master-3
Applying changes 
upserted PipelineResource *********-nodey206-master for the git repository https://github.com/*********/nodey206.git
upserted Task *********-nodey206-master-from-build-pack-3
upserted Pipeline *********-nodey206-master-3
created PipelineRun *********-nodey206-master-3
created PipelineStructure *********-nodey206-master-3

Showing logs for build [32mjstrachan-nodey206-master-3[0m stage [32mfrom-build-pack[0m and container [32mstep-credential-initializer-92m2j[0m
{"level":"warn","ts":1566997994.0031765,"logger":"fallback-logger","caller":"logging/config.go:69","msg":"Fetch GitHub commit ID from kodata failed: \"ref: refs/heads/master\" is not a valid GitHub commit ID"}
{"level":"info","ts":1566997994.0037599,"logger":"fallback-logger","caller":"creds-init/main.go:40","msg":"Credentials initialized."}

Showing logs for build [32mjstrachan-nodey206-master-3[0m stage [32mfrom-build-pack[0m and container [32mstep-working-dir-initializer-c2498[0m
{"level":"warn","ts":1566997994.350839,"logger":"fallback-logger","caller":"logging/config.go:69","msg":"Fetch GitHub commit ID from kodata failed: open /var/run/ko/HEAD: no such file or directory"}
{"level":"info","ts":1566997994.3522143,"logger":"fallback-logger","caller":"bash/main.go:65","msg":"Successfully executed command \"mkdir -p /workspace/source /workspace/source/charts/nodey206\""}

Showing logs for build [32mjstrachan-nodey206-master-3[0m stage [32mfrom-build-pack[0m and container [32mstep-place-tools[0m

Showing logs for build [32mjstrachan-nodey206-master-3[0m stage [32mfrom-build-pack[0m and container [32mstep-git-source-jstrachan-nodey206-master-twv5v[0m
{"level":"warn","ts":1566998001.4923153,"logger":"fallback-logger","caller":"logging/config.go:69","msg":"Fetch GitHub commit ID from kodata failed: \"ref: refs/heads/master\" is not a valid GitHub commit ID"}
{"level":"info","ts":1566998002.6003497,"logger":"fallback-logger","caller":"git/git.go:102","msg":"Successfully cloned https://github.com/*********/nodey206.git @ v0.0.3 in path /workspace/source"}

Showing logs for build [32mjstrachan-nodey206-master-3[0m stage [32mfrom-build-pack[0m and container [32mstep-git-merge[0m
Using SHAs from PULL_REFS=master:
WARNING: no SHAs to merge, falling back to initial cloned commit

Showing logs for build [32mjstrachan-nodey206-master-3[0m stage [32mfrom-build-pack[0m and container [32mstep-setup-jx-git-credentials[0m
Generated Git credentials file /workspace/xdg_config/git/credentials

Showing logs for build [32mjstrachan-nodey206-master-3[0m stage [32mfrom-build-pack[0m and container [32mstep-build-npmrc[0m
WARNING: failed to find Secret npm-token in namespace **

Showing logs for build [32mjstrachan-nodey206-master-3[0m stage [32mfrom-build-pack[0m and container [32mstep-build-npm-install[0m
npm notice created a lockfile as package-lock.json. You should commit this file.
npm WARN REPLACE_ME@1.0.0 No repository field.
npm WARN REPLACE_ME@1.0.0 No license field.

up to date in 0.531s
found 0 vulnerabilities


Showing logs for build [32mjstrachan-nodey206-master-3[0m stage [32mfrom-build-pack[0m and container [32mstep-build-npm-test[0m

> REPLACE_ME@1.0.0 test /workspace/source
> echo "no test specified" && exit 0

no test specified

Showing logs for build [32mjstrachan-nodey206-master-3[0m stage [32mfrom-build-pack[0m and container [32mstep-build-container-build[0m
[36mINFO[0m[0000] Downloading base image node:9-slim           
ERROR: logging before flag.Parse: E0828 13:13:26.747812      13 metadata.go:142] while reading 'google-dockercfg' metadata: http status code: 404 while fetching url http://metadata.google.internal./computeMetadata/v1/instance/attributes/google-dockercfg
ERROR: logging before flag.Parse: E0828 13:13:26.751142      13 metadata.go:159] while reading 'google-dockercfg-url' metadata: http status code: 404 while fetching url http://metadata.google.internal./computeMetadata/v1/instance/attributes/google-dockercfg-url
2019/08/28 13:13:26 No matching credentials were found, falling back on anonymous
[36mINFO[0m[0001] Error while retrieving image from cache: getting file info: stat /workspace/sha256:0e0175bbe4f8d9d104590d8d2c591017874e30977cb71aaff1cf6fa99479575c: no such file or directory 
[36mINFO[0m[0001] Downloading base image node:9-slim           
2019/08/28 13:13:28 No matching credentials were found, falling back on anonymous
[36mINFO[0m[0002] Executing 0 build triggers                   
[36mINFO[0m[0002] cmd: EXPOSE                                  
[36mINFO[0m[0002] Adding exposed port: 8080/tcp                
[36mINFO[0m[0002] Using files from context: [/workspace/source] 
[36mINFO[0m[0002] Skipping unpacking as no commands require it. 
[36mINFO[0m[0002] Taking snapshot of full filesystem...        
[36mINFO[0m[0002] ENV PORT 8080                                
[36mINFO[0m[0002] No files changed in this command, skipping snapshotting. 
[36mINFO[0m[0002] EXPOSE 8080                                  
[36mINFO[0m[0002] cmd: EXPOSE                                  
[36mINFO[0m[0002] Adding exposed port: 8080/tcp                
[36mINFO[0m[0002] No files changed in this command, skipping snapshotting. 
[36mINFO[0m[0002] WORKDIR /usr/src/app                         
[36mINFO[0m[0002] cmd: workdir                                 
[36mINFO[0m[0002] Changed working directory to /usr/src/app    
[36mINFO[0m[0002] Creating directory /usr/src/app              
[36mINFO[0m[0002] Taking snapshot of files...                  
[36mINFO[0m[0002] Using files from context: [/workspace/source] 
[36mINFO[0m[0002] COPY . .                                     
[36mINFO[0m[0002] Taking snapshot of files...                  
[36mINFO[0m[0002] CMD ["npm", "start"]                         
[36mINFO[0m[0002] No files changed in this command, skipping snapshotting. 
2019/08/28 13:13:29 existing blob: sha256:7d083412657baa2dafba8d093034ef26f9ed2c90fb6ed95f76bb55aff03ed429
2019/08/28 13:13:29 existing blob: sha256:a88538b9cd05cfa611e43a25582a95ad7879f6fa708b0386a26b71ee62235bb3
2019/08/28 13:13:29 existing blob: sha256:e01bd28a434b56ffd2a3fe9aa99b9b69aecca69904843edd30b1ee7150d79904
2019/08/28 13:13:29 existing blob: sha256:196b8e3c919d5639193ba6c6e54774528942041bbc37606631a2250502985c3c
2019/08/28 13:13:29 existing blob: sha256:5bba3ecb4cd6374a19da45f2a3db0a9c0804984358b3bb4b666c28944016e5ff
2019/08/28 13:13:32 pushed blob: sha256:81094768ac8a9e9bc586ed8f59af1e0cd26a81e2d5bdd4203d40cbe5a7bfa73d
2019/08/28 13:13:32 pushed blob: sha256:93f7d3c9a651faac4482d24307e5ae7569b3622e49ae50445f9bf5f162c4b17f
2019/08/28 13:13:32 pushed blob: sha256:5728b06feee512174dcafce608ec20cab72c5680e5de7d7061c1a3151230f830
2019/08/28 13:13:34 gcr.io/apps-dev-229310/nodey206:0.0.3: digest: sha256:5cea6ac9715462e8e0015f434829d6d7a804b563a1b55d88e0ad2921363adc06 size: 1404

Showing logs for build [32mjstrachan-nodey206-master-3[0m stage [32mfrom-build-pack[0m and container [32mstep-build-post-build[0m
no CVE provider running in the current ** namespace so skip adding image to be analysed

Showing logs for build [32mjstrachan-nodey206-master-3[0m stage [32mfrom-build-pack[0m and container [32mstep-promote-changelog[0m
Converted /workspace/source/charts/nodey206 to an unshallow repository
Generating change log from git ref a494c0288a1c16bd970cdd4ff6ed5b0f51d2d69a => 7c853bb5e20bc4a1920e80ae726c4bdba9eb3482
WARNING: No release found for *********/nodey206 and tag v0.0.3 so creating a new release
Updated the release information at https://github.com/*********/nodey206/releases/tag/v0.0.3
generated: /workspace/source/charts/nodey206/templates/release.yaml
Created Release nodey206-0-0-3 resource in namespace **
Updating PipelineActivity *********-nodey206-master-3 with version 0.0.3
Updated PipelineActivities *********-nodey206-master-3 with release notes URL: https://github.com/*********/nodey206/releases/tag/v0.0.3

Showing logs for build [32mjstrachan-nodey206-master-3[0m stage [32mfrom-build-pack[0m and container [32mstep-promote-helm-release[0m
WARNING: No $CHART_REPOSITORY defined so using the default value of: http://jenkins-x-chartmuseum:8080
Adding missing Helm repo: storage.googleapis.com https://storage.googleapis.com/chartmuseum.jenkins-x.io
Successfully added Helm repository storage.googleapis.com.
Adding missing Helm repo: jenkins-x-chartmuseum http://jenkins-x-chartmuseum:8080
Successfully added Helm repository jenkins-x-chartmuseum.
WARNING: No $CHART_REPOSITORY defined so using the default value of: http://jenkins-x-chartmuseum:8080
Uploading chart file nodey206-0.0.3.tgz to http://jenkins-x-chartmuseum:8080/api/charts
Received 201 response: {"saved":true}

Showing logs for build [32mjstrachan-nodey206-master-3[0m stage [32mfrom-build-pack[0m and container [32mstep-promote-jx-promote[0m
WARNING: prow based install so skip waiting for the merge of Pull Requests to go green as currently there is an issue with gettingstatuses from the PR, see https://github.com/jenkins-x/**/issues/2410
Promoting app nodey206 version 0.0.3 to namespace **-staging
Created Pull Request: https://github.com/*********/environment-*********-gh12-staging/pull/8
Added label  to Pull Request https://github.com/*********/environment-*********-gh12-staging/pull/8
WARNING: Failed to query the Pull Request last commit status for https://github.com/*********/environment-*********-gh12-staging/pull/8 ref 0052c873cf730a9a5eb71e022ac6f544ce6db45d Could not find a status for repository *********/environment-*********-gh12-staging with ref 0052c873cf730a9a5eb71e022ac6f544ce6db45d
Pull Request https://github.com/*********/environment-*********-gh12-staging/pull/8 is merged at sha 9b580fa07babe03faccf6505578ebe169f6e2cdd
Pull Request merged but we are not waiting for the update pipeline to complete!
WARNING: Could not find the service URL in namespace **-staging for names nodey206, **-nodey206, **-staging-nodey206
